2025-07-10 17:47:41 [[32minfo[39m]: 	[32mMongoDB Connected: localhost[39m
2025-07-10 17:47:41 [[32minfo[39m]: 	[32mServer running in development mode on port 3001[39m
2025-07-10 17:53:18 [[33mwarn[39m]: 	[33mMongoDB disconnected[39m
2025-07-10 18:13:43 [[33mwarn[39m]: 	[33mMongoDB disconnected[39m
2025-07-10 18:21:34 [[33mwarn[39m]: 	[33mMongoDB disconnected[39m
2025-07-10 18:57:38 [[32minfo[39m]: 	[32mConnecting to MongoDB at mongodb://mongodb:27017/healthcare_appointments...[39m
2025-07-10 18:57:43 [[33mwarn[39m]: 	[33mMongoDB disconnected[39m
2025-07-14 06:20:40 [[32minfo[39m]: 	[32mConnecting to MongoDB at mongodb://mongodb:27017/healthcare_appointments...[39m
2025-07-14 06:20:40 [[32minfo[39m]: 	[32mMongoDB Connected: mongodb[39m
2025-07-14 06:20:40 [[32minfo[39m]: 	[32mDatabase Name: healthcare_appointments[39m
2025-07-14 06:20:40 [[32minfo[39m]: 	[32mServer running in development mode on port 3001[39m
2025-07-14 06:21:10 [[32minfo[39m]: 	[32mGET /health 200 - 3ms[39m
2025-07-14 06:21:40 [[32minfo[39m]: 	[32mGET /health 200 - 1ms[39m
2025-07-14 06:22:10 [[32minfo[39m]: 	[32mGET /health 200 - 0ms[39m
2025-07-14 06:22:35 [[32minfo[39m]: 	[32mGET /api/v1/health 404 - 2ms[39m
2025-07-14 06:22:40 [[32minfo[39m]: 	[32mGET /health 200 - 1ms[39m
2025-07-14 06:22:53 [[32minfo[39m]: 	[32mGET /health 200 - 1ms[39m
2025-07-14 06:23:03 [[31merror[39m]: 	[31mCreate appointment error: Error: Doctor is not available at the requested time[39m
2025-07-14 06:23:03 [[31merror[39m]: 	[31mError: Doctor is not available at the requested time[39m
2025-07-14 06:23:03 [[31merror[39m]: 	[31mStack: Error: Doctor is not available at the requested time[39m
[31m    at AppointmentService.checkAvailability (/app/src/services/appointment.service.ts:229:13)[39m
[31m    at processTicksAndRejections (node:internal/process/task_queues:95:5)[39m
[31m    at AppointmentService.createAppointment (/app/src/services/appointment.service.ts:43:5)[39m
[31m    at createAppointment (/app/src/controllers/appointment.controller.ts:30:27)[39m
2025-07-14 06:23:03 [[31merror[39m]: 	[31mRequest: POST /api/v1/appointments/appointments[39m
2025-07-14 06:23:03 [[31merror[39m]: 	[31mBody: {"patientId":"64d5f7b3e8b9f6b5e8f7c6d5","doctorId":"64d5f7b3e8b9f6b5e8f7c6d6","appointmentDate":"2025-08-15","startTime":"10:00","endTime":"10:30","reason":"Routine checkup","notes":"Annual physical examination","isFollowUp":false}[39m
2025-07-14 06:23:03 [[31merror[39m]: 	[31mParams: {}[39m
2025-07-14 06:23:03 [[31merror[39m]: 	[31mQuery: {}[39m
2025-07-14 06:23:03 [[32minfo[39m]: 	[32mPOST /api/v1/appointments/appointments 400 - 20ms[39m
2025-07-14 06:23:06 [[32minfo[39m]: 	[32mGET /api/v1/appointments/doctors/64d5f7b3e8b9f6b5e8f7c6d6/availability?date=2025-08-15 200 - 3ms[39m
2025-07-14 06:23:10 [[32minfo[39m]: 	[32mGET /health 200 - 1ms[39m
2025-07-14 06:23:21 [[32minfo[39m]: 	[32mGET /api/v1/appointments/doctors/64d5f7b3e8b9f6b5e8f7c6d6/availability?date=2025-08-15&startTime=10:00&endTime=10:30 200 - 4ms[39m
2025-07-14 06:23:40 [[32minfo[39m]: 	[32mGET /health 200 - 1ms[39m
2025-07-14 06:24:10 [[32minfo[39m]: 	[32mGET /health 200 - 2ms[39m
2025-07-14 06:24:40 [[32minfo[39m]: 	[32mGET /health 200 - 2ms[39m
2025-07-14 06:25:10 [[32minfo[39m]: 	[32mGET /health 200 - 2ms[39m
2025-07-14 06:25:40 [[32minfo[39m]: 	[32mGET /health 200 - 1ms[39m
2025-07-14 06:26:10 [[32minfo[39m]: 	[32mGET /health 200 - 3ms[39m
2025-07-14 06:26:40 [[32minfo[39m]: 	[32mGET /health 200 - 2ms[39m
2025-07-14 06:27:10 [[32minfo[39m]: 	[32mGET /health 200 - 2ms[39m
2025-07-14 06:27:26 [[32minfo[39m]: 	[32mSIGTERM RECEIVED. Shutting down gracefully[39m
2025-07-14 06:27:26 [[32minfo[39m]: 	[32mConnecting to MongoDB at mongodb://mongodb:27017/healthcare_appointments...[39m
2025-07-14 06:27:26 [[32minfo[39m]: 	[32mMongoDB Connected: mongodb[39m
2025-07-14 06:27:26 [[32minfo[39m]: 	[32mDatabase Name: healthcare_appointments[39m
2025-07-14 06:27:26 [[32minfo[39m]: 	[32mServer running in development mode on port 3001[39m
2025-07-14 06:27:34 [[32minfo[39m]: 	[32mSIGTERM RECEIVED. Shutting down gracefully[39m
2025-07-14 06:27:34 [[32minfo[39m]: 	[32mConnecting to MongoDB at mongodb://mongodb:27017/healthcare_appointments...[39m
2025-07-14 06:27:34 [[32minfo[39m]: 	[32mMongoDB Connected: mongodb[39m
2025-07-14 06:27:34 [[32minfo[39m]: 	[32mDatabase Name: healthcare_appointments[39m
2025-07-14 06:27:34 [[32minfo[39m]: 	[32mServer running in development mode on port 3001[39m
2025-07-14 06:27:40 [[32minfo[39m]: 	[32mGET /health 200 - 4ms[39m
2025-07-14 06:27:43 [[32minfo[39m]: 	[32mSIGTERM RECEIVED. Shutting down gracefully[39m
2025-07-14 06:27:43 [[32minfo[39m]: 	[32mConnecting to MongoDB at mongodb://mongodb:27017/healthcare_appointments...[39m
2025-07-14 06:27:43 [[32minfo[39m]: 	[32mMongoDB Connected: mongodb[39m
2025-07-14 06:27:43 [[32minfo[39m]: 	[32mDatabase Name: healthcare_appointments[39m
2025-07-14 06:27:43 [[32minfo[39m]: 	[32mServer running in development mode on port 3001[39m
2025-07-14 06:27:53 [[32minfo[39m]: 	[32mSIGTERM RECEIVED. Shutting down gracefully[39m
2025-07-14 06:27:53 [[32minfo[39m]: 	[32mConnecting to MongoDB at mongodb://mongodb:27017/healthcare_appointments...[39m
2025-07-14 06:27:53 [[32minfo[39m]: 	[32mMongoDB Connected: mongodb[39m
2025-07-14 06:27:53 [[32minfo[39m]: 	[32mDatabase Name: healthcare_appointments[39m
2025-07-14 06:27:53 [[32minfo[39m]: 	[32mServer running in development mode on port 3001[39m
2025-07-14 06:28:09 [[32minfo[39m]: 	[32mSIGTERM RECEIVED. Shutting down gracefully[39m
2025-07-14 06:28:09 [[32minfo[39m]: 	[32mConnecting to MongoDB at mongodb://mongodb:27017/healthcare_appointments...[39m
2025-07-14 06:28:09 [[32minfo[39m]: 	[32mMongoDB Connected: mongodb[39m
2025-07-14 06:28:09 [[32minfo[39m]: 	[32mDatabase Name: healthcare_appointments[39m
2025-07-14 06:28:09 [[32minfo[39m]: 	[32mServer running in development mode on port 3001[39m
2025-07-14 06:28:10 [[32minfo[39m]: 	[32mGET /health 200 - 3ms[39m
2025-07-14 06:28:15 [[32minfo[39m]: 	[32mSIGTERM RECEIVED. Shutting down gracefully[39m
2025-07-14 06:28:15 [[32minfo[39m]: 	[32mConnecting to MongoDB at mongodb://mongodb:27017/healthcare_appointments...[39m
2025-07-14 06:28:15 [[32minfo[39m]: 	[32mMongoDB Connected: mongodb[39m
2025-07-14 06:28:15 [[32minfo[39m]: 	[32mDatabase Name: healthcare_appointments[39m
2025-07-14 06:28:15 [[32minfo[39m]: 	[32mServer running in development mode on port 3001[39m
2025-07-14 06:28:41 [[32minfo[39m]: 	[32mGET /health 200 - 5ms[39m
2025-07-14 06:29:02 [[32minfo[39m]: 	[32mSIGTERM RECEIVED. Shutting down gracefully[39m
2025-07-14 06:29:15 [[32minfo[39m]: 	[32mConnecting to MongoDB at mongodb://mongodb:27017/healthcare_appointments...[39m
2025-07-14 06:29:15 [[32minfo[39m]: 	[32mMongoDB Connected: mongodb[39m
2025-07-14 06:29:15 [[32minfo[39m]: 	[32mDatabase Name: healthcare_appointments[39m
2025-07-14 06:29:15 [[32minfo[39m]: 	[32mServer running in development mode on port 3001[39m
2025-07-14 06:29:23 [[32minfo[39m]: 	[32mGET /health 200 - 6ms[39m
2025-07-14 06:29:45 [[32minfo[39m]: 	[32mGET /health 200 - 1ms[39m
2025-07-14 06:30:15 [[32minfo[39m]: 	[32mGET /health 200 - 2ms[39m
2025-07-14 06:30:45 [[32minfo[39m]: 	[32mGET /health 200 - 1ms[39m
2025-07-14 06:31:15 [[32minfo[39m]: 	[32mGET /health 200 - 1ms[39m
2025-07-14 06:31:45 [[32minfo[39m]: 	[32mGET /health 200 - 2ms[39m
2025-07-14 06:32:15 [[32minfo[39m]: 	[32mGET /health 200 - 1ms[39m
2025-07-14 06:32:45 [[32minfo[39m]: 	[32mGET /health 200 - 1ms[39m
2025-07-14 06:33:15 [[32minfo[39m]: 	[32mGET /health 200 - 2ms[39m
2025-07-14 06:33:45 [[32minfo[39m]: 	[32mGET /health 200 - 1ms[39m
2025-07-14 06:34:15 [[32minfo[39m]: 	[32mGET /health 200 - 2ms[39m
2025-07-14 06:34:45 [[32minfo[39m]: 	[32mGET /health 200 - 1ms[39m
2025-07-14 06:35:15 [[32minfo[39m]: 	[32mGET /health 200 - 2ms[39m
2025-07-14 06:35:45 [[32minfo[39m]: 	[32mGET /health 200 - 1ms[39m
2025-07-14 06:36:15 [[32minfo[39m]: 	[32mGET /health 200 - 1ms[39m
2025-07-14 06:36:45 [[32minfo[39m]: 	[32mGET /health 200 - 1ms[39m
2025-07-14 06:37:15 [[32minfo[39m]: 	[32mGET /health 200 - 1ms[39m
2025-07-14 06:37:46 [[32minfo[39m]: 	[32mGET /health 200 - 1ms[39m
2025-07-14 06:38:16 [[32minfo[39m]: 	[32mGET /health 200 - 2ms[39m
2025-07-14 06:38:46 [[32minfo[39m]: 	[32mGET /health 200 - 1ms[39m
2025-07-14 06:39:16 [[32minfo[39m]: 	[32mGET /health 200 - 1ms[39m
2025-07-14 06:39:46 [[32minfo[39m]: 	[32mGET /health 200 - 1ms[39m
2025-07-14 06:40:16 [[32minfo[39m]: 	[32mGET /health 200 - 0ms[39m
2025-07-14 06:40:28 [[31merror[39m]: 	[31mCreate appointment error: Error: Doctor is not available at the requested time[39m
2025-07-14 06:40:28 [[31merror[39m]: 	[31mError: Doctor is not available at the requested time[39m
2025-07-14 06:40:28 [[31merror[39m]: 	[31mStack: Error: Doctor is not available at the requested time[39m
[31m    at AppointmentService.createAppointment (/app/src/services/appointment.service.ts:45:13)[39m
[31m    at processTicksAndRejections (node:internal/process/task_queues:95:5)[39m
[31m    at createAppointment (/app/src/controllers/appointment.controller.ts:41:27)[39m
2025-07-14 06:40:28 [[31merror[39m]: 	[31mRequest: POST /api/v1/appointments/appointments[39m
2025-07-14 06:40:28 [[31merror[39m]: 	[31mBody: {"patientId":"64d5f7b3e8b9f6b5e8f7c6d5","doctorId":"64d5f7b3e8b9f6b5e8f7c6d6","appointmentDate":"2025-08-15","startTime":"10:00","endTime":"10:30","reason":"Routine checkup","notes":"Annual physical examination"}[39m
2025-07-14 06:40:28 [[31merror[39m]: 	[31mParams: {}[39m
2025-07-14 06:40:28 [[31merror[39m]: 	[31mQuery: {}[39m
2025-07-14 06:40:28 [[32minfo[39m]: 	[32mPOST /api/v1/appointments/appointments 400 - 23ms[39m
2025-07-14 06:40:34 [[32minfo[39m]: 	[32mGET /api/v1/appointments/doctors/64d5f7b3e8b9f6b5e8f7c6d6/availability?date=2025-08-15&startTime=10:00&endTime=10:30 200 - 2ms[39m
2025-07-14 06:40:46 [[32minfo[39m]: 	[32mGET /health 200 - 1ms[39m
2025-07-14 06:41:02 [[32minfo[39m]: 	[32mAppointment created: 6874a67e14a744ec49ec76cf[39m
2025-07-14 06:41:02 [[32minfo[39m]: 	[32mPOST /api/v1/appointments/appointments 201 - 29ms[39m
2025-07-14 06:41:05 [[31merror[39m]: 	[31mMissingSchemaError: Schema hasn't been registered for model "Patient".[39m
[31mUse mongoose.model(name, schema)[39m
2025-07-14 06:41:05 [[31merror[39m]: 	[31mStack: MissingSchemaError: Schema hasn't been registered for model "Patient".[39m
[31mUse mongoose.model(name, schema)[39m
[31m    at NativeConnection.Connection.model (/app/node_modules/mongoose/lib/connection.js:1136:13)[39m
[31m    at _getModelFromConn (/app/node_modules/mongoose/lib/helpers/populate/getModelsMapForPopulate.js:585:15)[39m
[31m    at addModelNamesToMap (/app/node_modules/mongoose/lib/helpers/populate/getModelsMapForPopulate.js:512:17)[39m
[31m    at getModelsMapForPopulate (/app/node_modules/mongoose/lib/helpers/populate/getModelsMapForPopulate.js:201:7)[39m
[31m    at populate (/app/node_modules/mongoose/lib/model.js:4394:21)[39m
[31m    at _populate (/app/node_modules/mongoose/lib/model.js:4354:5)[39m
[31m    at /app/node_modules/mongoose/lib/model.js:4326:5[39m
[31m    at new Promise (<anonymous>)[39m
[31m    at Function.populate (/app/node_modules/mongoose/lib/model.js:4325:10)[39m
[31m    at /app/node_modules/mongoose/lib/query.js:2521:11[39m
2025-07-14 06:41:05 [[31merror[39m]: 	[31mRequest: GET /api/v1/appointments/appointments/6874a67e14a744ec49ec76cf[39m
2025-07-14 06:41:05 [[31merror[39m]: 	[31mBody: {}[39m
2025-07-14 06:41:05 [[31merror[39m]: 	[31mParams: {}[39m
2025-07-14 06:41:05 [[31merror[39m]: 	[31mQuery: {}[39m
2025-07-14 06:41:05 [[32minfo[39m]: 	[32mGET /api/v1/appointments/appointments/6874a67e14a744ec49ec76cf 500 - 9ms[39m
2025-07-14 06:41:09 [[31merror[39m]: 	[31mMissingSchemaError: Schema hasn't been registered for model "Doctor".[39m
[31mUse mongoose.model(name, schema)[39m
2025-07-14 06:41:09 [[31merror[39m]: 	[31mStack: MissingSchemaError: Schema hasn't been registered for model "Doctor".[39m
[31mUse mongoose.model(name, schema)[39m
[31m    at NativeConnection.Connection.model (/app/node_modules/mongoose/lib/connection.js:1136:13)[39m
[31m    at _getModelFromConn (/app/node_modules/mongoose/lib/helpers/populate/getModelsMapForPopulate.js:585:15)[39m
[31m    at addModelNamesToMap (/app/node_modules/mongoose/lib/helpers/populate/getModelsMapForPopulate.js:512:17)[39m
[31m    at getModelsMapForPopulate (/app/node_modules/mongoose/lib/helpers/populate/getModelsMapForPopulate.js:201:7)[39m
[31m    at populate (/app/node_modules/mongoose/lib/model.js:4394:21)[39m
[31m    at _populate (/app/node_modules/mongoose/lib/model.js:4354:5)[39m
[31m    at /app/node_modules/mongoose/lib/model.js:4326:5[39m
[31m    at new Promise (<anonymous>)[39m
[31m    at Function.populate (/app/node_modules/mongoose/lib/model.js:4325:10)[39m
[31m    at model.Query._find (/app/node_modules/mongoose/lib/query.js:2320:20)[39m
2025-07-14 06:41:09 [[31merror[39m]: 	[31mRequest: GET /api/v1/appointments/patients/64d5f7b3e8b9f6b5e8f7c6d5/appointments[39m
2025-07-14 06:41:09 [[31merror[39m]: 	[31mBody: {}[39m
2025-07-14 06:41:09 [[31merror[39m]: 	[31mParams: {}[39m
2025-07-14 06:41:09 [[31merror[39m]: 	[31mQuery: {}[39m
2025-07-14 06:41:09 [[32minfo[39m]: 	[32mGET /api/v1/appointments/patients/64d5f7b3e8b9f6b5e8f7c6d5/appointments 500 - 12ms[39m
2025-07-14 06:41:16 [[32minfo[39m]: 	[32mGET /health 200 - 1ms[39m
2025-07-14 06:41:46 [[32minfo[39m]: 	[32mGET /health 200 - 1ms[39m
2025-07-14 06:42:16 [[32minfo[39m]: 	[32mGET /health 200 - 1ms[39m
2025-07-14 06:42:46 [[32minfo[39m]: 	[32mGET /health 200 - 3ms[39m
2025-07-14 06:42:56 [[32minfo[39m]: 	[32mGET /api-docs/ 404 - 3ms[39m
2025-07-14 06:42:56 [[32minfo[39m]: 	[32mGET /favicon.ico 404 - 2ms[39m
2025-07-14 06:43:16 [[32minfo[39m]: 	[32mGET /health 200 - 0ms[39m
2025-07-14 06:43:46 [[32minfo[39m]: 	[32mGET /health 200 - 2ms[39m
2025-07-14 06:44:16 [[32minfo[39m]: 	[32mGET /health 200 - 0ms[39m
2025-07-14 06:44:46 [[32minfo[39m]: 	[32mGET /health 200 - 2ms[39m
2025-07-14 06:45:16 [[32minfo[39m]: 	[32mGET /health 200 - 1ms[39m
2025-07-14 06:45:46 [[32minfo[39m]: 	[32mGET /health 200 - 1ms[39m
2025-07-14 06:46:17 [[32minfo[39m]: 	[32mGET /health 200 - 2ms[39m
2025-07-14 06:46:45 [[32minfo[39m]: 	[32mSIGTERM RECEIVED. Shutting down gracefully[39m
2025-07-14 06:53:45 [[32minfo[39m]: 	[32mConnecting to MongoDB at mongodb://mongodb:27017/healthcare_appointments...[39m
2025-07-14 06:53:45 [[32minfo[39m]: 	[32mMongoDB Connected: mongodb[39m
2025-07-14 06:53:45 [[32minfo[39m]: 	[32mDatabase Name: healthcare_appointments[39m
2025-07-14 06:53:45 [[32minfo[39m]: 	[32mServer running in development mode on port 3001[39m
2025-07-14 06:53:46 [[32minfo[39m]: 	[32mHEAD /api-docs 301 - 6ms[39m
2025-07-14 06:53:50 [[32minfo[39m]: 	[32mGET /api-docs 301 - 3ms[39m
2025-07-14 06:53:50 [[32minfo[39m]: 	[32mGET /api-docs/ 200 - 10ms[39m
2025-07-14 06:53:50 [[32minfo[39m]: 	[32mGET /api-docs/swagger-ui-init.js 200 - 1ms[39m
2025-07-14 06:53:50 [[32minfo[39m]: 	[32mGET /api-docs/swagger-ui.css 200 - 11ms[39m
2025-07-14 06:53:50 [[32minfo[39m]: 	[32mGET /api-docs/swagger-ui-standalone-preset.js 200 - 10ms[39m
2025-07-14 06:53:50 [[32minfo[39m]: 	[32mGET /api-docs/swagger-ui-bundle.js 200 - 29ms[39m
2025-07-14 06:54:02 [[32minfo[39m]: 	[32mGET /api-docs 301 - 2ms[39m
2025-07-14 06:54:02 [[32minfo[39m]: 	[32mGET /api-docs/ 200 - 5ms[39m
2025-07-14 06:54:02 [[32minfo[39m]: 	[32mGET /swagger-ui.css 404 - 2ms[39m
2025-07-14 06:54:02 [[32minfo[39m]: 	[32mGET /swagger-ui-standalone-preset.js 404 - 0ms[39m
2025-07-14 06:54:02 [[32minfo[39m]: 	[32mGET /swagger-ui-bundle.js 404 - 1ms[39m
2025-07-14 06:54:02 [[32minfo[39m]: 	[32mGET /swagger-ui-init.js 404 - 1ms[39m
2025-07-14 06:54:12 [[32minfo[39m]: 	[32mGET /api-docs 301 - 5ms[39m
2025-07-14 06:54:12 [[32minfo[39m]: 	[32mGET /api-docs/ 200 - 4ms[39m
2025-07-14 06:54:12 [[32minfo[39m]: 	[32mGET /swagger-ui-bundle.js 404 - 0ms[39m
2025-07-14 06:54:12 [[32minfo[39m]: 	[32mGET /swagger-ui.css 404 - 0ms[39m
2025-07-14 06:54:12 [[32minfo[39m]: 	[32mGET /swagger-ui-init.js 404 - 1ms[39m
2025-07-14 06:54:12 [[32minfo[39m]: 	[32mGET /swagger-ui-standalone-preset.js 404 - 1ms[39m
2025-07-14 06:54:14 [[32minfo[39m]: 	[32mGET /health 200 - 1ms[39m
2025-07-14 06:54:44 [[32minfo[39m]: 	[32mGET /health 200 - 2ms[39m
2025-07-14 06:55:14 [[32minfo[39m]: 	[32mGET /health 200 - 1ms[39m
2025-07-14 06:55:44 [[32minfo[39m]: 	[32mGET /health 200 - 2ms[39m
2025-07-14 06:56:14 [[32minfo[39m]: 	[32mGET /health 200 - 1ms[39m
2025-07-14 06:56:44 [[32minfo[39m]: 	[32mGET /health 200 - 1ms[39m
2025-07-14 06:57:14 [[32minfo[39m]: 	[32mGET /health 200 - 4ms[39m
2025-07-14 06:57:44 [[32minfo[39m]: 	[32mGET /health 200 - 1ms[39m
2025-07-14 06:58:14 [[32minfo[39m]: 	[32mGET /health 200 - 2ms[39m
2025-07-14 06:58:44 [[32minfo[39m]: 	[32mGET /health 200 - 1ms[39m
2025-07-14 06:59:14 [[32minfo[39m]: 	[32mGET /health 200 - 1ms[39m
2025-07-14 06:59:45 [[32minfo[39m]: 	[32mGET /health 200 - 1ms[39m
2025-07-14 07:00:15 [[32minfo[39m]: 	[32mGET /health 200 - 0ms[39m
2025-07-14 07:00:45 [[32minfo[39m]: 	[32mGET /health 200 - 1ms[39m
2025-07-14 07:01:15 [[32minfo[39m]: 	[32mGET /health 200 - 1ms[39m
2025-07-14 07:01:45 [[32minfo[39m]: 	[32mGET /health 200 - 1ms[39m
2025-07-14 07:02:15 [[32minfo[39m]: 	[32mGET /health 200 - 1ms[39m
2025-07-14 07:02:45 [[32minfo[39m]: 	[32mGET /health 200 - 2ms[39m
2025-07-14 07:03:15 [[32minfo[39m]: 	[32mGET /health 200 - 1ms[39m
2025-07-14 07:03:45 [[32minfo[39m]: 	[32mGET /health 200 - 2ms[39m
2025-07-14 07:04:15 [[32minfo[39m]: 	[32mGET /health 200 - 1ms[39m
2025-07-14 07:04:45 [[32minfo[39m]: 	[32mGET /health 200 - 1ms[39m
2025-07-14 07:05:15 [[32minfo[39m]: 	[32mGET /health 200 - 1ms[39m
2025-07-14 07:05:45 [[32minfo[39m]: 	[32mGET /health 200 - 1ms[39m
2025-07-14 07:06:15 [[32minfo[39m]: 	[32mGET /health 200 - 1ms[39m
2025-07-14 07:06:45 [[32minfo[39m]: 	[32mGET /health 200 - 2ms[39m
2025-07-14 07:07:15 [[32minfo[39m]: 	[32mGET /health 200 - 3ms[39m
2025-07-14 07:07:45 [[32minfo[39m]: 	[32mGET /health 200 - 1ms[39m
2025-07-14 07:08:16 [[32minfo[39m]: 	[32mGET /health 200 - 1ms[39m
2025-07-14 07:08:46 [[32minfo[39m]: 	[32mGET /health 200 - 1ms[39m
2025-07-14 07:09:16 [[32minfo[39m]: 	[32mGET /health 200 - 2ms[39m
2025-07-14 07:09:46 [[32minfo[39m]: 	[32mGET /health 200 - 11ms[39m
2025-07-14 07:10:16 [[32minfo[39m]: 	[32mGET /health 200 - 2ms[39m
2025-07-14 07:10:46 [[32minfo[39m]: 	[32mGET /health 200 - 1ms[39m
2025-07-14 07:11:16 [[32minfo[39m]: 	[32mGET /health 200 - 1ms[39m
2025-07-14 07:11:46 [[32minfo[39m]: 	[32mGET /health 200 - 2ms[39m
2025-07-14 07:12:16 [[32minfo[39m]: 	[32mGET /health 200 - 0ms[39m
2025-07-14 07:12:46 [[32minfo[39m]: 	[32mGET /health 200 - 1ms[39m
2025-07-14 07:13:16 [[32minfo[39m]: 	[32mGET /health 200 - 2ms[39m
2025-07-14 07:13:46 [[32minfo[39m]: 	[32mGET /health 200 - 1ms[39m
2025-07-14 07:14:16 [[32minfo[39m]: 	[32mGET /health 200 - 2ms[39m
2025-07-14 07:14:46 [[32minfo[39m]: 	[32mGET /health 200 - 1ms[39m
2025-07-14 07:15:16 [[32minfo[39m]: 	[32mGET /health 200 - 0ms[39m
2025-07-14 07:15:46 [[32minfo[39m]: 	[32mGET /health 200 - 1ms[39m
2025-07-14 07:16:17 [[32minfo[39m]: 	[32mGET /health 200 - 0ms[39m
2025-07-14 07:16:47 [[32minfo[39m]: 	[32mGET /health 200 - 1ms[39m
2025-07-14 07:17:17 [[32minfo[39m]: 	[32mGET /health 200 - 1ms[39m
2025-07-14 07:17:47 [[32minfo[39m]: 	[32mGET /health 200 - 2ms[39m
2025-07-14 07:18:17 [[32minfo[39m]: 	[32mGET /health 200 - 1ms[39m
2025-07-14 07:18:47 [[32minfo[39m]: 	[32mGET /health 200 - 1ms[39m
2025-07-14 07:19:17 [[32minfo[39m]: 	[32mGET /health 200 - 0ms[39m
2025-07-14 07:19:47 [[32minfo[39m]: 	[32mGET /health 200 - 1ms[39m
2025-07-14 07:20:17 [[32minfo[39m]: 	[32mGET /health 200 - 1ms[39m
2025-07-14 07:20:47 [[32minfo[39m]: 	[32mGET /health 200 - 1ms[39m
2025-07-14 07:21:17 [[32minfo[39m]: 	[32mGET /health 200 - 1ms[39m
2025-07-14 07:21:47 [[32minfo[39m]: 	[32mGET /health 200 - 2ms[39m
2025-07-14 07:22:17 [[32minfo[39m]: 	[32mGET /health 200 - 1ms[39m
2025-07-14 07:22:47 [[32minfo[39m]: 	[32mGET /health 200 - 2ms[39m
2025-07-14 07:23:17 [[32minfo[39m]: 	[32mGET /health 200 - 2ms[39m
2025-07-14 07:23:47 [[32minfo[39m]: 	[32mGET /health 200 - 2ms[39m
2025-07-14 07:24:18 [[32minfo[39m]: 	[32mGET /health 200 - 1ms[39m
2025-07-14 07:24:48 [[32minfo[39m]: 	[32mGET /health 200 - 2ms[39m
2025-07-14 07:25:18 [[32minfo[39m]: 	[32mGET /health 200 - 2ms[39m
2025-07-14 07:25:48 [[32minfo[39m]: 	[32mGET /health 200 - 1ms[39m
2025-07-14 07:26:18 [[32minfo[39m]: 	[32mGET /health 200 - 1ms[39m
2025-07-14 07:26:48 [[32minfo[39m]: 	[32mGET /health 200 - 2ms[39m
2025-07-14 07:27:18 [[32minfo[39m]: 	[32mGET /health 200 - 1ms[39m
2025-07-14 07:27:48 [[32minfo[39m]: 	[32mGET /health 200 - 3ms[39m
2025-07-14 07:28:18 [[32minfo[39m]: 	[32mGET /health 200 - 1ms[39m
2025-07-14 07:28:48 [[32minfo[39m]: 	[32mGET /health 200 - 0ms[39m
2025-07-14 07:29:18 [[32minfo[39m]: 	[32mGET /health 200 - 1ms[39m
2025-07-14 07:29:48 [[32minfo[39m]: 	[32mGET /health 200 - 1ms[39m
2025-07-14 07:30:18 [[32minfo[39m]: 	[32mGET /health 200 - 1ms[39m
2025-07-14 07:30:48 [[32minfo[39m]: 	[32mGET /health 200 - 1ms[39m
2025-07-14 07:31:18 [[32minfo[39m]: 	[32mGET /health 200 - 2ms[39m
2025-07-14 07:31:48 [[32minfo[39m]: 	[32mGET /health 200 - 1ms[39m
2025-07-14 07:32:19 [[32minfo[39m]: 	[32mGET /health 200 - 1ms[39m
2025-07-14 07:32:49 [[32minfo[39m]: 	[32mGET /health 200 - 1ms[39m
2025-07-14 07:33:19 [[32minfo[39m]: 	[32mGET /health 200 - 1ms[39m
2025-07-14 07:33:49 [[32minfo[39m]: 	[32mGET /health 200 - 2ms[39m
2025-07-14 07:34:19 [[32minfo[39m]: 	[32mGET /health 200 - 1ms[39m
2025-07-14 07:34:49 [[32minfo[39m]: 	[32mGET /health 200 - 1ms[39m
2025-07-14 07:35:19 [[32minfo[39m]: 	[32mGET /health 200 - 1ms[39m
2025-07-14 07:35:49 [[32minfo[39m]: 	[32mGET /health 200 - 1ms[39m
2025-07-14 07:36:19 [[32minfo[39m]: 	[32mGET /health 200 - 0ms[39m
2025-07-14 07:36:49 [[32minfo[39m]: 	[32mGET /health 200 - 1ms[39m
2025-07-14 07:37:19 [[32minfo[39m]: 	[32mGET /health 200 - 1ms[39m
2025-07-14 07:37:49 [[32minfo[39m]: 	[32mGET /health 200 - 1ms[39m
2025-07-14 07:38:19 [[32minfo[39m]: 	[32mGET /health 200 - 1ms[39m
2025-07-14 07:38:49 [[32minfo[39m]: 	[32mGET /health 200 - 0ms[39m
2025-07-14 07:39:19 [[32minfo[39m]: 	[32mGET /health 200 - 1ms[39m
2025-07-14 07:39:49 [[32minfo[39m]: 	[32mGET /health 200 - 0ms[39m
2025-07-14 07:40:19 [[32minfo[39m]: 	[32mGET /health 200 - 1ms[39m
2025-07-14 07:40:50 [[32minfo[39m]: 	[32mGET /health 200 - 1ms[39m
2025-07-14 07:41:20 [[32minfo[39m]: 	[32mGET /health 200 - 2ms[39m
2025-07-14 07:41:50 [[32minfo[39m]: 	[32mGET /health 200 - 1ms[39m
2025-07-14 07:42:20 [[32minfo[39m]: 	[32mGET /health 200 - 1ms[39m
2025-07-14 07:42:50 [[32minfo[39m]: 	[32mGET /health 200 - 0ms[39m
2025-07-14 07:43:20 [[32minfo[39m]: 	[32mGET /health 200 - 1ms[39m
2025-07-14 07:43:50 [[32minfo[39m]: 	[32mGET /health 200 - 1ms[39m
2025-07-14 07:44:20 [[32minfo[39m]: 	[32mGET /health 200 - 0ms[39m
2025-07-14 07:44:50 [[32minfo[39m]: 	[32mGET /health 200 - 1ms[39m
2025-07-14 07:45:20 [[32minfo[39m]: 	[32mGET /health 200 - 1ms[39m
2025-07-14 07:45:50 [[32minfo[39m]: 	[32mGET /health 200 - 1ms[39m
2025-07-14 07:46:20 [[32minfo[39m]: 	[32mGET /health 200 - 1ms[39m
2025-07-14 07:46:50 [[32minfo[39m]: 	[32mGET /health 200 - 0ms[39m
2025-07-14 07:47:20 [[32minfo[39m]: 	[32mGET /health 200 - 1ms[39m
2025-07-14 07:47:50 [[32minfo[39m]: 	[32mGET /health 200 - 1ms[39m
2025-07-14 07:48:20 [[32minfo[39m]: 	[32mGET /health 200 - 1ms[39m
2025-07-14 07:48:51 [[32minfo[39m]: 	[32mGET /health 200 - 1ms[39m
2025-07-14 07:49:21 [[32minfo[39m]: 	[32mGET /health 200 - 1ms[39m
2025-07-14 07:49:51 [[32minfo[39m]: 	[32mGET /health 200 - 1ms[39m
2025-07-14 07:50:21 [[32minfo[39m]: 	[32mGET /health 200 - 1ms[39m
2025-07-14 07:50:51 [[32minfo[39m]: 	[32mGET /health 200 - 2ms[39m
2025-07-14 07:51:21 [[32minfo[39m]: 	[32mGET /health 200 - 1ms[39m
2025-07-14 07:51:51 [[32minfo[39m]: 	[32mGET /health 200 - 1ms[39m
2025-07-14 07:52:21 [[32minfo[39m]: 	[32mGET /health 200 - 1ms[39m
2025-07-14 07:52:51 [[32minfo[39m]: 	[32mGET /health 200 - 0ms[39m
2025-07-14 07:53:21 [[32minfo[39m]: 	[32mGET /health 200 - 1ms[39m
2025-07-14 07:53:51 [[32minfo[39m]: 	[32mGET /health 200 - 1ms[39m
2025-07-14 07:54:21 [[32minfo[39m]: 	[32mGET /health 200 - 0ms[39m
2025-07-14 07:54:51 [[32minfo[39m]: 	[32mGET /health 200 - 2ms[39m
2025-07-14 08:01:17 [[32minfo[39m]: 	[32mGET /health 200 - 2ms[39m
2025-07-14 08:01:47 [[32minfo[39m]: 	[32mGET /health 200 - 0ms[39m
2025-07-14 08:02:17 [[32minfo[39m]: 	[32mGET /health 200 - 1ms[39m
2025-07-14 08:02:47 [[32minfo[39m]: 	[32mGET /health 200 - 1ms[39m
2025-07-14 08:03:17 [[32minfo[39m]: 	[32mGET /health 200 - 0ms[39m
2025-07-14 08:03:47 [[32minfo[39m]: 	[32mGET /health 200 - 1ms[39m
2025-07-14 08:04:17 [[32minfo[39m]: 	[32mGET /health 200 - 1ms[39m
2025-07-14 08:04:47 [[32minfo[39m]: 	[32mGET /health 200 - 1ms[39m
2025-07-14 08:05:17 [[32minfo[39m]: 	[32mGET /health 200 - 1ms[39m
2025-07-14 08:05:47 [[32minfo[39m]: 	[32mGET /health 200 - 0ms[39m
2025-07-14 08:06:18 [[32minfo[39m]: 	[32mGET /health 200 - 1ms[39m
2025-07-14 08:06:48 [[32minfo[39m]: 	[32mGET /health 200 - 1ms[39m
2025-07-14 08:07:18 [[32minfo[39m]: 	[32mGET /health 200 - 1ms[39m
2025-07-14 08:07:48 [[32minfo[39m]: 	[32mGET /health 200 - 0ms[39m
2025-07-14 08:08:18 [[32minfo[39m]: 	[32mGET /health 200 - 1ms[39m
2025-07-14 08:08:48 [[32minfo[39m]: 	[32mGET /health 200 - 1ms[39m
2025-07-14 08:09:18 [[32minfo[39m]: 	[32mGET /health 200 - 0ms[39m
2025-07-14 08:09:48 [[32minfo[39m]: 	[32mGET /health 200 - 0ms[39m
2025-07-14 08:10:18 [[32minfo[39m]: 	[32mGET /health 200 - 1ms[39m
2025-07-14 08:10:48 [[32minfo[39m]: 	[32mGET /health 200 - 1ms[39m
2025-07-14 08:11:18 [[32minfo[39m]: 	[32mGET /health 200 - 1ms[39m
2025-07-14 08:11:48 [[32minfo[39m]: 	[32mGET /health 200 - 1ms[39m
2025-07-14 08:12:18 [[32minfo[39m]: 	[32mGET /health 200 - 1ms[39m
2025-07-14 08:12:48 [[32minfo[39m]: 	[32mGET /health 200 - 1ms[39m
2025-07-14 08:13:18 [[32minfo[39m]: 	[32mGET /health 200 - 1ms[39m
2025-07-14 08:13:48 [[32minfo[39m]: 	[32mGET /health 200 - 1ms[39m
2025-07-14 08:14:19 [[32minfo[39m]: 	[32mGET /health 200 - 1ms[39m
2025-07-14 08:14:49 [[32minfo[39m]: 	[32mGET /health 200 - 1ms[39m
2025-07-14 08:15:19 [[32minfo[39m]: 	[32mGET /health 200 - 1ms[39m
2025-07-14 08:15:49 [[32minfo[39m]: 	[32mGET /health 200 - 1ms[39m
2025-07-14 08:16:19 [[32minfo[39m]: 	[32mGET /health 200 - 2ms[39m
2025-07-14 08:16:49 [[32minfo[39m]: 	[32mGET /health 200 - 0ms[39m
2025-07-14 08:17:19 [[32minfo[39m]: 	[32mGET /health 200 - 1ms[39m
2025-07-14 08:17:49 [[32minfo[39m]: 	[32mGET /health 200 - 1ms[39m
2025-07-14 08:18:19 [[32minfo[39m]: 	[32mGET /health 200 - 1ms[39m
2025-07-14 08:18:49 [[32minfo[39m]: 	[32mGET /health 200 - 1ms[39m
2025-07-14 08:19:19 [[32minfo[39m]: 	[32mGET /health 200 - 1ms[39m
2025-07-14 08:19:49 [[32minfo[39m]: 	[32mGET /health 200 - 1ms[39m
2025-07-14 08:21:00 [[32minfo[39m]: 	[32mGET /health 200 - 0ms[39m
2025-07-14 08:21:30 [[32minfo[39m]: 	[32mGET /health 200 - 1ms[39m
2025-07-14 08:22:00 [[32minfo[39m]: 	[32mGET /health 200 - 1ms[39m
2025-07-14 08:22:30 [[32minfo[39m]: 	[32mGET /health 200 - 0ms[39m
2025-07-14 08:23:00 [[32minfo[39m]: 	[32mGET /health 200 - 1ms[39m
2025-07-14 08:23:30 [[32minfo[39m]: 	[32mGET /health 200 - 1ms[39m
2025-07-14 08:24:00 [[32minfo[39m]: 	[32mGET /health 200 - 1ms[39m
2025-07-14 08:24:30 [[32minfo[39m]: 	[32mGET /health 200 - 2ms[39m
2025-07-14 08:25:00 [[32minfo[39m]: 	[32mGET /health 200 - 1ms[39m
2025-07-14 08:25:31 [[32minfo[39m]: 	[32mGET /health 200 - 2ms[39m
2025-07-14 08:26:01 [[32minfo[39m]: 	[32mGET /health 200 - 2ms[39m
2025-07-14 08:26:31 [[32minfo[39m]: 	[32mGET /health 200 - 1ms[39m
2025-07-14 08:27:01 [[32minfo[39m]: 	[32mGET /health 200 - 1ms[39m
2025-07-14 08:27:31 [[32minfo[39m]: 	[32mGET /health 200 - 0ms[39m
2025-07-14 08:28:01 [[32minfo[39m]: 	[32mGET /health 200 - 0ms[39m
2025-07-14 08:28:31 [[32minfo[39m]: 	[32mGET /health 200 - 2ms[39m
2025-07-14 08:29:01 [[32minfo[39m]: 	[32mGET /health 200 - 1ms[39m
2025-07-14 08:29:31 [[32minfo[39m]: 	[32mGET /health 200 - 1ms[39m
2025-07-14 08:29:50 [[32minfo[39m]: 	[32mSIGTERM RECEIVED. Shutting down gracefully[39m
